2026-03-09 21:45:23,888 - ERROR - Tesseract OCR 未找到！请执行以下操作：
2026-03-09 21:45:23,888 - ERROR - 1. 从 https://github.com/UB-Mannheim/tesseract/wiki 下载安装
2026-03-09 21:45:23,888 - ERROR - 2. 安装时勾选中文语言包
2026-03-09 21:45:23,889 - ERROR - 3. 安装后，将 Tesseract 路径添加到系统 PATH，
2026-03-09 21:45:23,889 - ERROR -    或在代码顶部取消注释并设置 pytesseract.pytesseract.tesseract_cmd
2026-03-09 21:45:23,889 - ERROR - 详细错误: tesseract is not installed or it's not in your PATH. See README file for more information.
2026-03-09 21:47:26,128 - INFO - Tesseract OCR 版本: 5.5.0.20241111
2026-03-09 21:48:12,194 - INFO - Tesseract OCR 版本: 5.5.0.20241111
2026-03-09 21:48:12,196 - INFO - 鼠标监听已启动，请双击左键开始自动化，三击退出程序。
2026-03-09 21:48:36,333 - INFO - 检测到鼠标双击，切换控制权。
2026-03-09 21:48:36,334 - INFO - 自动化状态已切换为：启动
2026-03-09 22:11:46,724 - INFO - 检测到鼠标双击，切换控制权。
2026-03-09 22:11:46,724 - INFO - 自动化状态已切换为：暂停
2026-03-09 22:11:52,633 - INFO - 检测到鼠标双击，切换控制权。
2026-03-09 22:11:52,634 - INFO - 自动化状态已切换为：启动
2026-03-09 22:12:16,799 - INFO - 检测到鼠标双击，切换控制权。
2026-03-09 22:12:16,800 - INFO - 自动化状态已切换为：暂停
2026-03-09 22:12:18,516 - INFO - 检测到鼠标双击，切换控制权。
2026-03-09 22:12:18,517 - INFO - 自动化状态已切换为：启动
2026-03-09 22:12:33,801 - INFO - 检测到鼠标双击，切换控制权。
2026-03-09 22:12:33,802 - INFO - 自动化状态已切换为：暂停
2026-03-09 22:12:34,986 - INFO - 检测到鼠标双击，切换控制权。
2026-03-09 22:12:34,987 - INFO - 自动化状态已切换为：启动
2026-03-09 22:12:42,621 - INFO - 检测到鼠标双击，切换控制权。
2026-03-09 22:12:42,623 - INFO - 自动化状态已切换为：暂停
2026-03-09 22:12:42,816 - INFO - 检测到鼠标三击，程序终止。
