2026-03-07 08:33:06,641 - INFO - ==================================================
2026-03-07 08:33:06,642 - INFO - 爬虫程序开始运行（多线程模式）
2026-03-07 08:33:06,643 - INFO - 目标起始页：https://tushare.pro/document/2
2026-03-07 08:33:06,643 - INFO - 输出文件：C:\01_My_documents\01_pythonLearn\我的PNP_MCSD大项目\Tab01_数据设置\Tab0101_TuShareAPI接口参数\tuShare接口输入输出参数清单Ae9.xlsx
2026-03-07 08:33:06,643 - INFO - 日志文件：C:\01_My_documents\01_pythonLearn\我的PNP_MCSD大项目\Tab01_数据设置\Tab0101_TuShareAPI接口参数\tuShare爬虫日志_20260307_083306.log
2026-03-07 08:33:06,644 - INFO - 线程池大小：5
2026-03-07 08:33:06,644 - INFO - ==================================================
2026-03-07 08:33:06,645 - INFO - 正在从起始页 https://tushare.pro/document/2 提取所有文档链接...
2026-03-07 08:33:06,829 - INFO - 共找到 272 个接口文档链接。
2026-03-07 08:33:06,830 - INFO - 开始遍历 272 个接口页面...
2026-03-07 08:33:07,474 - INFO - 正在解析：https://tushare.pro/document/2?doc_id=178
2026-03-07 08:33:07,503 - INFO - 正在解析：https://tushare.pro/document/2?doc_id=176
2026-03-07 08:33:07,653 - INFO - 成功解析接口：fx_obasic，标题：外汇基础信息（海外），输入参数数：3，输出参数数：3
2026-03-07 08:33:07,672 - INFO - 成功解析接口：anns_d，标题：上市公司全量公告，输入参数数：4，输出参数数：4
2026-03-07 08:33:07,677 - INFO - 正在解析：https://tushare.pro/document/2?doc_id=160
2026-03-07 08:33:07,748 - INFO - 正在解析：https://tushare.pro/document/2?doc_id=106
2026-03-07 08:33:07,778 - INFO - 正在解析：https://tushare.pro/document/2?doc_id=119
2026-03-07 08:33:07,835 - INFO - 成功解析接口：share_float，标题：限售股解禁，输入参数数：5，输出参数数：5
2026-03-07 08:33:07,906 - INFO - 成功解析接口：top_list，标题：龙虎榜每日明细，输入参数数：2，输出参数数：2
2026-03-07 08:33:07,945 - INFO - 成功解析接口：fund_nav，标题：公募基金净值，输入参数数：5，输出参数数：5
2026-03-07 08:33:08,322 - INFO - 正在解析：https://tushare.pro/document/2?doc_id=162
2026-03-07 08:33:08,414 - INFO - 正在解析：https://tushare.pro/document/2?doc_id=207
2026-03-07 08:33:08,511 - INFO - 正在解析：https://tushare.pro/document/2?doc_id=349
2026-03-07 08:33:08,518 - INFO - 成功解析接口：disclosure_date，标题：财报披露计划，输入参数数：5，输出参数数：5
2026-03-07 08:33:08,531 - INFO - 正在解析：https://tushare.pro/document/2?doc_id=344
2026-03-07 08:33:08,601 - INFO - 成功解析接口：fund_share，标题：基金规模数据，输入参数数：5，输出参数数：5
2026-03-07 08:33:08,721 - INFO - 成功解析接口：moneyflow_dc，标题：个股资金流向（DC），输入参数数：4，输出参数数：4
2026-03-07 08:33:08,768 - INFO - 成功解析接口：moneyflow_ind_dc，标题：东财概念及行业板块资金流向（DC），输入参数数：5，输出参数数：5
2026-03-07 08:33:08,823 - INFO - 正在解析：https://tushare.pro/document/2?doc_id=358
2026-03-07 08:33:08,995 - INFO - 成功解析接口：idx_factor_pro，标题：指数技术因子(专业版)，输入参数数：4，输出参数数：4
2026-03-07 08:33:09,221 - INFO - 正在解析：https://tushare.pro/document/2?doc_id=154
2026-03-07 08:33:09,381 - INFO - 成功解析接口：cctv_news，标题：新闻联播，输入参数数：1，输出参数数：1
2026-03-07 08:33:09,466 - INFO - 正在解析：https://tushare.pro/document/2?doc_id=314
2026-03-07 08:33:09,612 - INFO - 正在解析：https://tushare.pro/document/2?doc_id=145
2026-03-07 08:33:09,615 - INFO - 正在解析：https://tushare.pro/document/2?doc_id=171
2026-03-07 08:33:09,658 - WARNING - 无法从 https://tushare.pro/document/2?doc_id=314 提取接口名称，标记为失败。
2026-03-07 08:33:09,665 - INFO - 正在解析：https://tushare.pro/document/2?doc_id=195
2026-03-07 08:33:09,774 - INFO - 成功解析接口：index_weekly，标题：指数周线行情，输入参数数：4，输出参数数：4
2026-03-07 08:33:09,790 - INFO - 成功解析接口：monthly，标题：月线行情，输入参数数：4，输出参数数：4
2026-03-07 08:33:09,854 - INFO - 成功解析接口：major_news，标题：新闻通讯，输入参数数：3，输出参数数：3
2026-03-07 08:33:10,004 - INFO - 正在解析：https://tushare.pro/document/2?doc_id=397
2026-03-07 08:33:10,192 - INFO - 成功解析接口：stock_st，标题：ST股票列表，输入参数数：4，输出参数数：4
2026-03-07 08:33:10,347 - INFO - 正在解析：https://tushare.pro/document/2?doc_id=123
2026-03-07 08:33:10,524 - INFO - 成功解析接口：new_share，标题：IPO新股列表，输入参数数：2，输出参数数：2
2026-03-07 08:33:10,573 - INFO - 正在解析：https://tushare.pro/document/2?doc_id=330
2026-03-07 08:33:10,732 - WARNING - 无法从 https://tushare.pro/document/2?doc_id=330 提取接口名称，标记为失败。
2026-03-07 08:33:10,732 - INFO - 正在解析：https://tushare.pro/document/2?doc_id=335
2026-03-07 08:33:10,747 - INFO - 正在解析：https://tushare.pro/document/2?doc_id=377
2026-03-07 08:33:10,906 - INFO - 成功解析接口：index_member_all，标题：申万行业成分构成(分级)，输入参数数：5，输出参数数：5
2026-03-07 08:33:10,925 - INFO - 成功解析接口：tdx_member，标题：通达信板块成分，输入参数数：2，输出参数数：2
2026-03-07 08:33:10,951 - INFO - 正在解析：https://tushare.pro/document/2?doc_id=275
2026-03-07 08:33:11,051 - INFO - 正在解析：https://tushare.pro/document/2?doc_id=61
2026-03-07 08:33:11,131 - INFO - 成功解析接口：stk_surv，标题：机构调研表，输入参数数：4，输出参数数：4
2026-03-07 08:33:11,222 - INFO - 成功解析接口：top10_holders，标题：前十大股东，输入参数数：5，输出参数数：5
2026-03-07 08:33:11,540 - INFO - 正在解析：https://tushare.pro/document/2?doc_id=317
2026-03-07 08:33:11,699 - INFO - 正在解析：https://tushare.pro/document/2?doc_id=316
2026-03-07 08:33:11,703 - INFO - 成功解析接口：realtime_list，标题：实时涨跌幅排名(爬虫版)，输入参数数：1，输出参数数：1
2026-03-07 08:33:11,731 - INFO - 正在解析：https://tushare.pro/document/2?doc_id=189
2026-03-07 08:33:11,774 - INFO - 正在解析：https://tushare.pro/document/2?doc_id=399
2026-03-07 08:33:11,862 - INFO - 成功解析接口：realtime_tick，标题：实时成交数据(爬虫版)，输入参数数：2，输出参数数：2
2026-03-07 08:33:11,880 - INFO - 成功解析接口：fut_mapping，标题：期货主力与连续合约，输入参数数：4，输出参数数：4
2026-03-07 08:33:11,958 - INFO - 成功解析接口：stk_ah_comparison，标题：AH股比价，输入参数数：5，输出参数数：5
2026-03-07 08:33:12,051 - INFO - 正在解析：https://tushare.pro/document/2?doc_id=241
2026-03-07 08:33:12,212 - WARNING - 无法从 https://tushare.pro/document/2?doc_id=241 提取接口名称，标记为失败。
2026-03-07 08:33:12,363 - INFO - 正在解析：https://tushare.pro/document/2?doc_id=140
2026-03-07 08:33:12,535 - INFO - 成功解析接口：fut_wsr，标题：仓单日报，输入参数数：5，输出参数数：5
2026-03-07 08:33:12,577 - INFO - 正在解析：https://tushare.pro/document/2?doc_id=36
2026-03-07 08:33:12,611 - INFO - 正在解析：https://tushare.pro/document/2?doc_id=338
2026-03-07 08:33:12,791 - INFO - 成功解析接口：balancesheet，标题：资产负债表，输入参数数：7，输出参数数：7
2026-03-07 08:33:12,814 - INFO - 正在解析：https://tushare.pro/document/2?doc_id=112
2026-03-07 08:33:12,855 - INFO - 正在解析：https://tushare.pro/document/2?doc_id=79
2026-03-07 08:33:12,861 - INFO - 成功解析接口：us_daily_adj，标题：美股复权行情，输入参数数：7，输出参数数：7
2026-03-07 08:33:13,045 - INFO - 成功解析接口：stock_company，标题：上市公司基本信息，输入参数数：2，输出参数数：2
2026-03-07 08:33:13,065 - INFO - 成功解析接口：fina_indicator，标题：财务指标数据，输入参数数：5，输出参数数：5
2026-03-07 08:33:13,139 - INFO - 正在解析：https://tushare.pro/document/2?doc_id=155
2026-03-07 08:33:13,316 - INFO - 成功解析接口：index_daily，标题：南华期货指数日线行情，输入参数数：4，输出参数数：4
2026-03-07 08:33:13,341 - INFO - 正在解析：https://tushare.pro/document/2?doc_id=150
2026-03-07 08:33:13,520 - INFO - 成功解析接口：shibor_quote，标题：Shibor报价数据，输入参数数：4，输出参数数：4
2026-03-07 08:33:13,617 - INFO - 正在解析：https://tushare.pro/document/2?doc_id=348
2026-03-07 08:33:13,757 - INFO - 正在解析：https://tushare.pro/document/2?doc_id=177
2026-03-07 08:33:13,793 - INFO - 成功解析接口：moneyflow_ths，标题：个股资金流向（THS），输入参数数：4，输出参数数：4
2026-03-07 08:33:13,877 - INFO - 正在解析：https://tushare.pro/document/2?doc_id=398
2026-03-07 08:33:13,978 - WARNING - 无法从 https://tushare.pro/document/2?doc_id=177 提取接口名称，标记为失败。
2026-03-07 08:33:14,063 - INFO - 正在解析：https://tushare.pro/document/2?doc_id=27
2026-03-07 08:33:14,064 - INFO - 成功解析接口：stock_hsgt，标题：沪深港通股票列表，输入参数数：5，输出参数数：5
2026-03-07 08:33:14,251 - INFO - 成功解析接口：daily，标题：A股日线行情，输入参数数：4，输出参数数：4
2026-03-07 08:33:14,364 - INFO - 正在解析：https://tushare.pro/document/2?doc_id=250
2026-03-07 08:33:14,460 - INFO - 正在解析：https://tushare.pro/document/2?doc_id=127
2026-03-07 08:33:14,553 - INFO - 成功解析接口：hk_tradecal，标题：港股交易日历，输入参数数：3，输出参数数：3
2026-03-07 08:33:14,638 - INFO - 成功解析接口：fund_daily，标题：ETF日线行情，输入参数数：4，输出参数数：4
2026-03-07 08:33:14,771 - INFO - 正在解析：https://tushare.pro/document/2?doc_id=59
2026-03-07 08:33:14,827 - INFO - 正在解析：https://tushare.pro/document/2?doc_id=109
2026-03-07 08:33:14,932 - INFO - 成功解析接口：margin_detail，标题：融资融券交易明细，输入参数数：4，输出参数数：4
2026-03-07 08:33:14,932 - INFO - 正在解析：https://tushare.pro/document/2?doc_id=294
2026-03-07 08:33:15,034 - INFO - 成功解析接口：pro_bar，标题：通用行情接口，输入参数数：9，输出参数数：0
2026-03-07 08:33:15,116 - INFO - 成功解析接口：cyq_chips，标题：每日筹码分布，输入参数数：4，输出参数数：4
2026-03-07 08:33:15,280 - INFO - 正在解析：https://tushare.pro/document/2?doc_id=214
2026-03-07 08:33:15,459 - INFO - 成功解析接口：suspend_d，标题：每日停复牌信息，输入参数数：5，输出参数数：5
2026-03-07 08:33:15,551 - INFO - 正在解析：https://tushare.pro/document/2?doc_id=366
2026-03-07 08:33:15,558 - INFO - 正在解析：https://tushare.pro/document/2?doc_id=400
2026-03-07 08:33:15,658 - INFO - 正在解析：https://tushare.pro/document/2?doc_id=157
2026-03-07 08:33:15,724 - INFO - 成功解析接口：rt_etf_k，标题：ETF实时日线，输入参数数：2，输出参数数：2
2026-03-07 08:33:15,753 - INFO - 成功解析接口：irm_qa_sh，标题：上证E互动，输入参数数：6，输出参数数：6
2026-03-07 08:33:15,773 - INFO - 正在解析：https://tushare.pro/document/2?doc_id=93
2026-03-07 08:33:15,843 - WARNING - 无法从 https://tushare.pro/document/2?doc_id=157 提取接口名称，标记为失败。
2026-03-07 08:33:15,948 - WARNING - 无法从 https://tushare.pro/document/2?doc_id=93 提取接口名称，标记为失败。
2026-03-07 08:33:16,014 - INFO - 正在解析：https://tushare.pro/document/2?doc_id=121
2026-03-07 08:33:16,189 - INFO - 成功解析接口：fund_portfolio，标题：公募基金持仓数据，输入参数数：6，输出参数数：6
2026-03-07 08:33:16,532 - INFO - 正在解析：https://tushare.pro/document/2?doc_id=374
2026-03-07 08:33:16,615 - INFO - 正在解析：https://tushare.pro/document/2?doc_id=375
2026-03-07 08:33:16,632 - INFO - 正在解析：https://tushare.pro/document/2?doc_id=245
2026-03-07 08:33:16,715 - INFO - 成功解析接口：rt_min，标题：A股实时分钟，输入参数数：2，输出参数数：2
2026-03-07 08:33:16,790 - INFO - 成功解析接口：bse_mapping，标题：北交所新旧代码对照表，输入参数数：2，输出参数数：2
2026-03-07 08:33:16,844 - INFO - 成功解析接口：cn_ppi，标题：工业生产者出厂价格指数，输入参数数：3，输出参数数：3
2026-03-07 08:33:16,844 - INFO - 正在解析：https://tushare.pro/document/2?doc_id=199
2026-03-07 08:33:16,944 - INFO - 正在解析：https://tushare.pro/document/2?doc_id=342
2026-03-07 08:33:17,030 - INFO - 成功解析接口：fund_adj，标题：基金复权因子，输入参数数：6，输出参数数：6
2026-03-07 08:33:17,101 - WARNING - 无法从 https://tushare.pro/document/2?doc_id=342 提取接口名称，标记为失败。
2026-03-07 08:33:17,470 - INFO - 正在解析：https://tushare.pro/document/2?doc_id=183
2026-03-07 08:33:17,567 - INFO - 正在解析：https://tushare.pro/document/2?doc_id=211
2026-03-07 08:33:17,636 - INFO - 成功解析接口：stk_limit，标题：每日涨跌停价格，输入参数数：4，输出参数数：4
2026-03-07 08:33:17,685 - INFO - 正在解析：https://tushare.pro/document/2?doc_id=82
2026-03-07 08:33:17,755 - INFO - 成功解析接口：index_global，标题：国际指数，输入参数数：4，输出参数数：4
2026-03-07 08:33:17,868 - WARNING - 无法从 https://tushare.pro/document/2?doc_id=82 提取接口名称，标记为失败。
2026-03-07 08:33:17,954 - INFO - 正在解析：https://tushare.pro/document/2?doc_id=45
2026-03-07 08:33:18,073 - INFO - 正在解析：https://tushare.pro/document/2?doc_id=185
2026-03-07 08:33:18,138 - INFO - 成功解析接口：forecast，标题：业绩预告，输入参数数：6，输出参数数：6
2026-03-07 08:33:18,276 - INFO - 成功解析接口：cb_basic，标题：可转债基本信息，输入参数数：3，输出参数数：3
2026-03-07 08:33:18,529 - INFO - 正在解析：https://tushare.pro/document/2?doc_id=158
2026-03-07 08:33:18,638 - INFO - 正在解析：https://tushare.pro/document/2?doc_id=118
2026-03-07 08:33:18,705 - INFO - 正在解析：https://tushare.pro/document/2?doc_id=252
2026-03-07 08:33:18,739 - INFO - 成功解析接口：opt_basic，标题：期权合约信息，输入参数数：5，输出参数数：5
2026-03-07 08:33:18,810 - INFO - 成功解析接口：fund_company，标题：公募基金公司，输入参数数：18，输出参数数：18
2026-03-07 08:33:18,810 - INFO - 正在解析：https://tushare.pro/document/2?doc_id=15
2026-03-07 08:33:18,921 - INFO - 成功解析接口：us_basic，标题：美股列表，输入参数数：4，输出参数数：4
2026-03-07 08:33:18,921 - INFO - 正在解析：https://tushare.pro/document/2?doc_id=147
2026-03-07 08:33:18,993 - WARNING - 无法从 https://tushare.pro/document/2?doc_id=15 提取接口名称，标记为失败。
2026-03-07 08:33:19,086 - WARNING - 无法从 https://tushare.pro/document/2?doc_id=147 提取接口名称，标记为失败。
2026-03-07 08:33:19,427 - INFO - 正在解析：https://tushare.pro/document/2?doc_id=333
2026-03-07 08:33:19,629 - INFO - 成功解析接口：slb_sec_detail，标题：转融券交易明细，输入参数数：4，输出参数数：4
2026-03-07 08:33:19,702 - INFO - 正在解析：https://tushare.pro/document/2?doc_id=357
2026-03-07 08:33:19,725 - INFO - 正在解析：https://tushare.pro/document/2?doc_id=166
2026-03-07 08:33:19,795 - INFO - 正在解析：https://tushare.pro/document/2?doc_id=274
2026-03-07 08:33:19,879 - INFO - 成功解析接口：limit_cpt_list，标题：最强板块统计，输入参数数：4，输出参数数：4
2026-03-07 08:33:19,955 - INFO - 正在解析：https://tushare.pro/document/2?doc_id=321
2026-03-07 08:33:19,979 - INFO - 成功解析接口：ccass_hold_detail，标题：中央结算系统持股明细，输入参数数：5，输出参数数：5
2026-03-07 08:33:20,125 - INFO - 成功解析接口：dc_hot，标题：东方财富热板，输入参数数：5，输出参数数：5
2026-03-07 08:33:20,337 - INFO - 正在解析：https://tushare.pro/document/2?doc_id=181
2026-03-07 08:33:20,457 - INFO - 正在解析：https://tushare.pro/document/2?doc_id=325
2026-03-07 08:33:20,656 - INFO - 接口名称为 'index_classify'，根据要求跳过此页面。
2026-03-07 08:33:20,679 - INFO - 成功解析接口：cn_pmi，标题：采购经理人指数，输入参数数：3，输出参数数：3
2026-03-07 08:33:20,907 - INFO - 正在解析：https://tushare.pro/document/2?doc_id=390
2026-03-07 08:33:20,928 - INFO - 正在解析：https://tushare.pro/document/2?doc_id=114
2026-03-07 08:33:21,123 - INFO - 成功解析接口：hk_balancesheet，标题：港股资产负债表，输入参数数：5，输出参数数：5
2026-03-07 08:33:21,151 - INFO - 成功解析接口：bo_weekly，标题：电影周度票房，输入参数数：1，输出参数数：1
2026-03-07 08:33:21,260 - INFO - 正在解析：https://tushare.pro/document/2?doc_id=153
2026-03-07 08:33:21,422 - INFO - 成功解析接口：hibor，标题：Hibor利率，输入参数数：3，输出参数数：3
2026-03-07 08:33:21,613 - INFO - 正在解析：https://tushare.pro/document/2?doc_id=159
2026-03-07 08:33:21,740 - INFO - 正在解析：https://tushare.pro/document/2?doc_id=32
2026-03-07 08:33:21,766 - INFO - 成功解析接口：opt_daily，标题：期权日线行情，输入参数数：5，输出参数数：5
2026-03-07 08:33:21,920 - INFO - 成功解析接口：daily_basic，标题：每日指标，输入参数数：4，输出参数数：4
2026-03-07 08:33:22,009 - INFO - 正在解析：https://tushare.pro/document/2?doc_id=391
2026-03-07 08:33:22,169 - INFO - 成功解析接口：hk_cashflow，标题：港股现金流量表，输入参数数：5，输出参数数：5
2026-03-07 08:33:22,227 - INFO - 正在解析：https://tushare.pro/document/2?doc_id=396
2026-03-07 08:33:22,419 - INFO - 成功解析接口：us_cashflow，标题：美股现金流量表，输入参数数：6，输出参数数：6
2026-03-07 08:33:22,438 - INFO - 正在解析：https://tushare.pro/document/2?doc_id=219
2026-03-07 08:33:22,608 - INFO - 成功解析接口：us_tycr，标题：国债收益率曲线利率（日频），输入参数数：4，输出参数数：4
2026-03-07 08:33:22,725 - INFO - 正在解析：https://tushare.pro/document/2?doc_id=304
2026-03-07 08:33:22,900 - INFO - 成功解析接口：hk_mins，标题：港股分钟行情，输入参数数：4，输出参数数：4
2026-03-07 08:33:22,920 - INFO - 正在解析：https://tushare.pro/document/2?doc_id=251
2026-03-07 08:33:22,931 - INFO - 成功解析接口：stk_holdernumber，标题：股东人数，输入参数数：5，输出参数数：5
2026-03-07 08:33:23,202 - WARNING - 无法从 https://tushare.pro/document/2?doc_id=251 提取接口名称，标记为失败。
2026-03-07 08:33:23,414 - INFO - 正在解析：https://tushare.pro/document/2?doc_id=309
2026-03-07 08:33:23,466 - INFO - 正在解析：https://tushare.pro/document/2?doc_id=188
2026-03-07 08:33:23,590 - WARNING - 无法从 https://tushare.pro/document/2?doc_id=309 提取接口名称，标记为失败。
2026-03-07 08:33:23,684 - INFO - 正在解析：https://tushare.pro/document/2?doc_id=192
2026-03-07 08:33:23,699 - INFO - 成功解析接口：hk_hold，标题：沪深港股通持股明细，输入参数数：6，输出参数数：6
2026-03-07 08:33:23,710 - INFO - 正在解析：https://tushare.pro/document/2?doc_id=95
2026-03-07 08:33:23,869 - INFO - 正在解析：https://tushare.pro/document/2?doc_id=359
2026-03-07 08:33:23,885 - INFO - 成功解析接口：hk_daily，标题：港股行情，输入参数数：4，输出参数数：4
2026-03-07 08:33:23,914 - INFO - 成功解析接口：index_daily，标题：指数日线行情，输入参数数：4，输出参数数：4
2026-03-07 08:33:24,098 - INFO - 成功解析接口：fund_factor_pro，标题：场内基金技术因子(专业版)，输入参数数：4，输出参数数：4
2026-03-07 08:33:24,233 - INFO - 正在解析：https://tushare.pro/document/2?doc_id=46
2026-03-07 08:33:24,238 - INFO - 正在解析：https://tushare.pro/document/2?doc_id=104
2026-03-07 08:33:24,371 - WARNING - 无法从 https://tushare.pro/document/2?doc_id=104 提取接口名称，标记为失败。
2026-03-07 08:33:24,421 - INFO - 成功解析接口：express，标题：业绩快报，输入参数数：5，输出参数数：5
2026-03-07 08:33:24,554 - INFO - 正在解析：https://tushare.pro/document/2?doc_id=292
2026-03-07 08:33:24,720 - INFO - 成功解析接口：report_rc，标题：卖方盈利预测数据，输入参数数：4，输出参数数：4
2026-03-07 08:33:24,720 - INFO - 正在解析：https://tushare.pro/document/2?doc_id=148
2026-03-07 08:33:24,788 - INFO - 正在解析：https://tushare.pro/document/2?doc_id=370
2026-03-07 08:33:24,914 - WARNING - 无法从 https://tushare.pro/document/2?doc_id=148 提取接口名称，标记为失败。
2026-03-07 08:33:25,003 - INFO - 成功解析接口：stk_mins，标题：股票历史分钟行情，输入参数数：4，输出参数数：4
2026-03-07 08:33:25,003 - INFO - 正在解析：https://tushare.pro/document/2?doc_id=372
2026-03-07 08:33:25,083 - INFO - 正在解析：https://tushare.pro/document/2?doc_id=354
2026-03-07 08:33:25,199 - INFO - 成功解析接口：rt_k，标题：沪深京实时日线，输入参数数：1，输出参数数：1
2026-03-07 08:33:25,274 - INFO - 成功解析接口：stk_auction_c，标题：股票收盘集合竞价数据，输入参数数：4，输出参数数：4
2026-03-07 08:33:25,416 - INFO - 正在解析：https://tushare.pro/document/2?doc_id=124
2026-03-07 08:33:25,591 - INFO - 成功解析接口：repurchase，标题：股票回购，输入参数数：3，输出参数数：3
2026-03-07 08:33:25,660 - INFO - 正在解析：https://tushare.pro/document/2?doc_id=365
2026-03-07 08:33:25,836 - INFO - 成功解析接口：stk_week_month_adj，标题：股票周/月线行情(复权--每日更新)，输入参数数：5，输出参数数：5
2026-03-07 08:33:25,836 - INFO - 正在解析：https://tushare.pro/document/2?doc_id=247
2026-03-07 08:33:25,889 - INFO - 正在解析：https://tushare.pro/document/2?doc_id=179
2026-03-07 08:33:25,895 - INFO - 正在解析：https://tushare.pro/document/2?doc_id=180
2026-03-07 08:33:26,038 - INFO - 成功解析接口：cb_share，标题：可转债转股结果，输入参数数：4，输出参数数：4
2026-03-07 08:33:26,111 - INFO - 成功解析接口：fx_daily，标题：外汇日线行情，输入参数数：5，输出参数数：5
2026-03-07 08:33:26,144 - INFO - 成功解析接口：teleplay_record，标题：全国拍摄制作电视剧备案公示数据，输入参数数：5，输出参数数：5
2026-03-07 08:33:26,165 - INFO - 正在解析：https://tushare.pro/document/2?doc_id=403
2026-03-07 08:33:26,356 - INFO - 成功解析接口：rt_idx_k，标题：交易所指数实时日线，输入参数数：1，输出参数数：1
2026-03-07 08:33:26,496 - INFO - 正在解析：https://tushare.pro/document/2?doc_id=226
2026-03-07 08:33:26,670 - WARNING - 无法从 https://tushare.pro/document/2?doc_id=226 提取接口名称，标记为失败。
2026-03-07 08:33:26,760 - INFO - 正在解析：https://tushare.pro/document/2?doc_id=172
2026-03-07 08:33:26,871 - INFO - 正在解析：https://tushare.pro/document/2?doc_id=406
2026-03-07 08:33:26,941 - INFO - 成功解析接口：index_monthly，标题：指数月线行情，输入参数数：4，输出参数数：4
2026-03-07 08:33:27,048 - INFO - 成功解析接口：npr，标题：接口介绍，输入参数数：4，输出参数数：4
2026-03-07 08:33:27,107 - INFO - 正在解析：https://tushare.pro/document/2?doc_id=28
2026-03-07 08:33:27,108 - INFO - 正在解析：https://tushare.pro/document/2?doc_id=197
2026-03-07 08:33:27,284 - INFO - 成功解析接口：ggt_monthly，标题：港股通每月成交统计，输入参数数：3，输出参数数：3
2026-03-07 08:33:27,319 - INFO - 成功解析接口：adj_factor，标题：复权因子，输入参数数：4，输出参数数：4
2026-03-07 08:33:27,576 - INFO - 正在解析：https://tushare.pro/document/2?doc_id=164
2026-03-07 08:33:27,650 - INFO - 正在解析：https://tushare.pro/document/2?doc_id=107
2026-03-07 08:33:27,756 - INFO - 成功解析接口：stk_account，标题：股票账户开户数据，输入参数数：3，输出参数数：3
2026-03-07 08:33:27,847 - INFO - 成功解析接口：top_inst，标题：龙虎榜机构明细，输入参数数：2，输出参数数：2
2026-03-07 08:33:27,878 - INFO - 正在解析：https://tushare.pro/document/2?doc_id=351
2026-03-07 08:33:27,992 - INFO - 正在解析：https://tushare.pro/document/2?doc_id=138
2026-03-07 08:33:28,041 - INFO - 成功解析接口：kpl_concept_cons，标题：开盘啦题材成分，输入参数数：3，输出参数数：3
2026-03-07 08:33:28,113 - INFO - 正在解析：https://tushare.pro/document/2?doc_id=415
2026-03-07 08:33:28,162 - INFO - 成功解析接口：fut_daily，标题：期货日线行情，输入参数数：5，输出参数数：5
2026-03-07 08:33:28,314 - INFO - 成功解析接口：research_report，标题：券商研究报告，输入参数数：7，输出参数数：7
2026-03-07 08:33:28,548 - INFO - 正在解析：https://tushare.pro/document/2?doc_id=383
2026-03-07 08:33:28,589 - INFO - 正在解析：https://tushare.pro/document/2?doc_id=408
2026-03-07 08:33:28,724 - INFO - 成功解析接口：rt_hk_k，标题：港股实时日线，输入参数数：1，输出参数数：1
2026-03-07 08:33:28,748 - INFO - 正在解析：https://tushare.pro/document/2?doc_id=224
2026-03-07 08:33:28,793 - INFO - 成功解析接口：etf_share_size，标题：接口介绍，输入参数数：5，输出参数数：5
2026-03-07 08:33:28,882 - INFO - 正在解析：https://tushare.pro/document/2?doc_id=128
2026-03-07 08:33:28,918 - WARNING - 无法从 https://tushare.pro/document/2?doc_id=224 提取接口名称，标记为失败。
2026-03-07 08:33:28,981 - INFO - 正在解析：https://tushare.pro/document/2?doc_id=143
2026-03-07 08:33:29,074 - INFO - 成功解析接口：index_dailybasic，标题：大盘指数每日指标，输入参数数：4，输出参数数：4
2026-03-07 08:33:29,172 - INFO - 成功解析接口：news，标题：新闻快讯，输入参数数：3，输出参数数：3
2026-03-07 08:33:29,493 - INFO - 正在解析：https://tushare.pro/document/2?doc_id=345
2026-03-07 08:33:29,501 - INFO - 正在解析：https://tushare.pro/document/2?doc_id=16
2026-03-07 08:33:29,604 - INFO - 正在解析：https://tushare.pro/document/2?doc_id=216
2026-03-07 08:33:29,656 - INFO - 正在解析：https://tushare.pro/document/2?doc_id=26
2026-03-07 08:33:29,671 - INFO - 成功解析接口：moneyflow_mkt_dc，标题：大盘资金流向（DC），输入参数数：3，输出参数数：3
2026-03-07 08:33:29,685 - ERROR - 解析页面 https://tushare.pro/document/2?doc_id=16 时出错：list index out of range
Traceback (most recent call last):
  File "d:\0001_VScodePython股票分析系统\0002_股票分析_悟空001\我的PNP_MCSD大项目20260304\Tab01_数据设置\Tab01_API_tuShare_接口参数爬虫.py", line 215, in parse_api_page
    candidate = parts[1].strip().split()[0]
                ~~~~~~~~~~~~~~~~~~~~~~~~^^^
IndexError: list index out of range
2026-03-07 08:33:29,753 - INFO - 正在解析：https://tushare.pro/document/2?doc_id=156
2026-03-07 08:33:29,791 - INFO - 成功解析接口：fut_weekly_detail，标题：期货主要品种交易周报，输入参数数：6，输出参数数：6
2026-03-07 08:33:29,854 - INFO - 成功解析接口：trade_cal，标题：交易日历，输入参数数：4，输出参数数：4
2026-03-07 08:33:29,926 - INFO - 成功解析接口：film_record，标题：全国电影剧本备案数据，输入参数数：3，输出参数数：3
2026-03-07 08:33:30,325 - INFO - 正在解析：https://tushare.pro/document/2?doc_id=31
2026-03-07 08:33:30,352 - INFO - 正在解析：https://tushare.pro/document/2?doc_id=115
2026-03-07 08:33:30,461 - WARNING - 无法从 https://tushare.pro/document/2?doc_id=31 提取接口名称，标记为失败。
2026-03-07 08:33:30,477 - INFO - 正在解析：https://tushare.pro/document/2?doc_id=196
2026-03-07 08:33:30,531 - INFO - 成功解析接口：bo_daily，标题：电影日度票房，输入参数数：1，输出参数数：1
2026-03-07 08:33:30,620 - INFO - 正在解析：https://tushare.pro/document/2?doc_id=419
2026-03-07 08:33:30,654 - INFO - 成功解析接口：ggt_daily，标题：港股通每日成交统计，输入参数数：3，输出参数数：3
2026-03-07 08:33:30,763 - INFO - 正在解析：https://tushare.pro/document/2?doc_id=369
2026-03-07 08:33:30,846 - INFO - 成功解析接口：idx_mins，标题：股票历史分钟行情，输入参数数：4，输出参数数：4
2026-03-07 08:33:30,939 - INFO - 成功解析接口：stk_auction，标题：当日集合竞价，输入参数数：4，输出参数数：4
2026-03-07 08:33:31,189 - INFO - 正在解析：https://tushare.pro/document/2?doc_id=343
2026-03-07 08:33:31,335 - INFO - 正在解析：https://tushare.pro/document/2?doc_id=392
2026-03-07 08:33:31,366 - INFO - 成功解析接口：moneyflow_ind_ths，标题：同花顺行业资金流向（THS），输入参数数：4，输出参数数：4
2026-03-07 08:33:31,522 - INFO - 成功解析接口：cb_factor_pro，标题：可转债技术因子(专业版)，输入参数数：4，输出参数数：4
2026-03-07 08:33:31,578 - INFO - 正在解析：https://tushare.pro/document/2?doc_id=388
2026-03-07 08:33:31,611 - INFO - 正在解析：https://tushare.pro/document/2?doc_id=100
2026-03-07 08:33:31,781 - INFO - 正在解析：https://tushare.pro/document/2?doc_id=193
2026-03-07 08:33:31,811 - INFO - 成功解析接口：hk_fina_indicator，标题：港股财务指标数据，输入参数数：5，输出参数数：5
2026-03-07 08:33:31,850 - INFO - 成功解析接口：namechange，标题：股票曾用名，输入参数数：3，输出参数数：3
2026-03-07 08:33:32,050 - INFO - 成功解析接口：stk_managers，标题：上市公司管理层，输入参数数：4，输出参数数：4
2026-03-07 08:33:32,152 - INFO - 正在解析：https://tushare.pro/document/2?doc_id=346
2026-03-07 08:33:32,342 - WARNING - 无法从 https://tushare.pro/document/2?doc_id=346 提取接口名称，标记为失败。
2026-03-07 08:33:32,441 - INFO - 正在解析：https://tushare.pro/document/2?doc_id=24
2026-03-07 08:33:32,469 - INFO - 正在解析：https://tushare.pro/document/2?doc_id=263
2026-03-07 08:33:32,621 - INFO - 正在解析：https://tushare.pro/document/2?doc_id=384
2026-03-07 08:33:32,659 - WARNING - 无法从 https://tushare.pro/document/2?doc_id=24 提取接口名称，标记为失败。
2026-03-07 08:33:32,703 - WARNING - 无法从 https://tushare.pro/document/2?doc_id=263 提取接口名称，标记为失败。
2026-03-07 08:33:32,747 - INFO - 正在解析：https://tushare.pro/document/2?doc_id=328
2026-03-07 08:33:32,913 - WARNING - 无法从 https://tushare.pro/document/2?doc_id=384 提取接口名称，标记为失败。
2026-03-07 08:33:32,994 - INFO - 正在解析：https://tushare.pro/document/2?doc_id=201
2026-03-07 08:33:33,032 - INFO - 成功解析接口：stk_factor_pro，标题：股票技术面因子(专业版)，输入参数数：4，输出参数数：4
2026-03-07 08:33:33,215 - INFO - 成功解析接口：yc_cb，标题：国债收益率曲线，输入参数数：6，输出参数数：6
2026-03-07 08:33:33,482 - INFO - 正在解析：https://tushare.pro/document/2?doc_id=267
2026-03-07 08:33:33,637 - INFO - 正在解析：https://tushare.pro/document/2?doc_id=355
2026-03-07 08:33:33,658 - INFO - 正在解析：https://tushare.pro/document/2?doc_id=254
2026-03-07 08:33:33,691 - INFO - 成功解析接口：broker_recommend，标题：券商每月荐股，输入参数数：1，输出参数数：1
2026-03-07 08:33:33,909 - INFO - 成功解析接口：us_daily，标题：美股行情，输入参数数：4，输出参数数：4
2026-03-07 08:33:33,909 - INFO - 正在解析：https://tushare.pro/document/2?doc_id=331
2026-03-07 08:33:33,933 - INFO - 成功解析接口：limit_list_ths，标题：涨跌停榜单（同花顺），输入参数数：6，输出参数数：6
2026-03-07 08:33:34,116 - INFO - 成功解析接口：slb_len，标题：转融资交易汇总，输入参数数：3，输出参数数：3
2026-03-07 08:33:34,116 - INFO - 正在解析：https://tushare.pro/document/2?doc_id=320
2026-03-07 08:33:34,304 - INFO - 成功解析接口：ths_hot，标题：同花顺热榜，输入参数数：4，输出参数数：4
2026-03-07 08:33:34,391 - INFO - 正在解析：https://tushare.pro/document/2?doc_id=33
2026-03-07 08:33:34,518 - INFO - 正在解析：https://tushare.pro/document/2?doc_id=401
2026-03-07 08:33:34,591 - INFO - 成功解析接口：income，标题：利润表，输入参数数：8，输出参数数：8
2026-03-07 08:33:34,623 - INFO - 正在解析：https://tushare.pro/document/2?doc_id=225
2026-03-07 08:33:34,714 - INFO - 成功解析接口：hk_adjfactor，标题：港股复权因子，输入参数数：4，输出参数数：4
2026-03-07 08:33:34,804 - WARNING - 无法从 https://tushare.pro/document/2?doc_id=225 提取接口名称，标记为失败。
2026-03-07 08:33:34,839 - INFO - 正在解析：https://tushare.pro/document/2?doc_id=310
2026-03-07 08:33:35,002 - INFO - 成功解析接口：sf_month，标题：社融数据（月度），输入参数数：3，输出参数数：3
2026-03-07 08:33:35,207 - INFO - 正在解析：https://tushare.pro/document/2?doc_id=142
2026-03-07 08:33:35,259 - INFO - 正在解析：https://tushare.pro/document/2?doc_id=222
2026-03-07 08:33:35,381 - WARNING - 无法从 https://tushare.pro/document/2?doc_id=142 提取接口名称，标记为失败。
2026-03-07 08:33:35,425 - INFO - 成功解析接口：us_tltr，标题：国债长期利率，输入参数数：4，输出参数数：4
2026-03-07 08:33:35,486 - INFO - 正在解析：https://tushare.pro/document/2?doc_id=311
2026-03-07 08:33:35,548 - INFO - 正在解析：https://tushare.pro/document/2?doc_id=261
2026-03-07 08:33:35,683 - INFO - 成功解析接口：hm_list，标题：游资名录，输入参数数：1，输出参数数：1
2026-03-07 08:33:35,699 - INFO - 正在解析：https://tushare.pro/document/2?doc_id=170
2026-03-07 08:33:35,700 - INFO - 成功解析接口：ths_member，标题：同花顺概念板块成分，输入参数数：2，输出参数数：2
2026-03-07 08:33:35,877 - INFO - 成功解析接口：moneyflow，标题：个股资金流向，输入参数数：4，输出参数数：4
2026-03-07 08:33:35,982 - INFO - 正在解析：https://tushare.pro/document/2?doc_id=135
2026-03-07 08:33:36,137 - INFO - 成功解析接口：fut_basic，标题：期货合约信息表，输入参数数：4，输出参数数：4
2026-03-07 08:33:36,222 - INFO - 正在解析：https://tushare.pro/document/2?doc_id=268
2026-03-07 08:33:36,396 - INFO - 成功解析接口：sz_daily_info，标题：深圳市场每日交易概况，输入参数数：4，输出参数数：4
2026-03-07 08:33:36,410 - INFO - 正在解析：https://tushare.pro/document/2?doc_id=111
2026-03-07 08:33:36,546 - INFO - 正在解析：https://tushare.pro/document/2?doc_id=44
2026-03-07 08:33:36,583 - INFO - 成功解析接口：pledge_detail，标题：股权质押明细，输入参数数：1，输出参数数：1
2026-03-07 08:33:36,718 - INFO - 成功解析接口：cashflow，标题：现金流量表，输入参数数：9，输出参数数：9
2026-03-07 08:33:36,777 - INFO - 正在解析：https://tushare.pro/document/2?doc_id=141
2026-03-07 08:33:36,870 - INFO - 正在解析：https://tushare.pro/document/2?doc_id=49
2026-03-07 08:33:36,945 - INFO - 成功解析接口：fut_settle，标题：结算参数，输入参数数：5，输出参数数：5
2026-03-07 08:33:37,070 - INFO - 成功解析接口：ggt_top10，标题：港股通十大成交股，输入参数数：5，输出参数数：5
2026-03-07 08:33:37,138 - INFO - 正在解析：https://tushare.pro/document/2?doc_id=368
2026-03-07 08:33:37,242 - INFO - 正在解析：https://tushare.pro/document/2?doc_id=271
2026-03-07 08:33:37,322 - INFO - 成功解析接口：ft_limit，标题：期货合约涨跌停价格（盘前），输入参数数：6，输出参数数：6
2026-03-07 08:33:37,338 - INFO - 正在解析：https://tushare.pro/document/2?doc_id=190
2026-03-07 08:33:37,409 - INFO - 成功解析接口：bond_blk，标题：债券大宗交易，输入参数数：4，输出参数数：4
2026-03-07 08:33:37,505 - WARNING - 无法从 https://tushare.pro/document/2?doc_id=190 提取接口名称，标记为失败。
2026-03-07 08:33:37,750 - INFO - 正在解析：https://tushare.pro/document/2?doc_id=113
2026-03-07 08:33:37,920 - INFO - 成功解析接口：bo_monthly，标题：电影月度票房，输入参数数：1，输出参数数：1
2026-03-07 08:33:38,069 - INFO - 正在解析：https://tushare.pro/document/2?doc_id=83
2026-03-07 08:33:38,235 - INFO - 正在解析：https://tushare.pro/document/2?doc_id=336
2026-03-07 08:33:38,256 - WARNING - 无法从 https://tushare.pro/document/2?doc_id=83 提取接口名称，标记为失败。
2026-03-07 08:33:38,340 - INFO - 正在解析：https://tushare.pro/document/2?doc_id=389
2026-03-07 08:33:38,367 - INFO - 正在解析：https://tushare.pro/document/2?doc_id=371
2026-03-07 08:33:38,433 - INFO - 成功解析接口：stk_weekly_monthly，标题：股票周/月线行情(每日更新)，输入参数数：5，输出参数数：5
2026-03-07 08:33:38,502 - INFO - 成功解析接口：hk_income，标题：港股利润表，输入参数数：5，输出参数数：5
2026-03-07 08:33:38,533 - INFO - 成功解析接口：moneyflow_cnt_ths，标题：同花顺概念板块资金流向（THS），输入参数数：4，输出参数数：4
2026-03-07 08:33:38,832 - INFO - 正在解析：https://tushare.pro/document/2?doc_id=152
2026-03-07 08:33:39,021 - INFO - 成功解析接口：libor，标题：Libor拆借利率，输入参数数：4，输出参数数：4
2026-03-07 08:33:39,102 - INFO - 正在解析：https://tushare.pro/document/2?doc_id=326
2026-03-07 08:33:39,162 - INFO - 正在解析：https://tushare.pro/document/2?doc_id=137
2026-03-07 08:33:39,266 - INFO - 成功解析接口：margin_secs，标题：融资融券标的（盘前更新），输入参数数：5，输出参数数：5
2026-03-07 08:33:39,267 - INFO - 正在解析：https://tushare.pro/document/2?doc_id=386
2026-03-07 08:33:39,339 - INFO - 成功解析接口：trade_cal，标题：交易日历，输入参数数：4，输出参数数：4
2026-03-07 08:33:39,394 - INFO - 正在解析：https://tushare.pro/document/2?doc_id=356
2026-03-07 08:33:39,437 - INFO - 成功解析接口：etf_index，标题：ETF基准指数列表，输入参数数：3，输出参数数：3
2026-03-07 08:33:39,596 - INFO - 成功解析接口：limit_step，标题：连板天梯，输入参数数：5，输出参数数：5
2026-03-07 08:33:39,629 - INFO - 正在解析：https://tushare.pro/document/2?doc_id=80
2026-03-07 08:33:39,807 - INFO - 成功解析接口：fina_audit，标题：财务审计意见，输入参数数：5，输出参数数：5
2026-03-07 08:33:39,856 - INFO - 正在解析：https://tushare.pro/document/2?doc_id=227
2026-03-07 08:33:40,027 - INFO - 成功解析接口：cn_gdp，标题：GDP数据，输入参数数：4，输出参数数：4
2026-03-07 08:33:40,027 - INFO - 正在解析：https://tushare.pro/document/2?doc_id=334
2026-03-07 08:33:40,184 - INFO - 成功解析接口：slb_len_mm，标题：做市借券交易汇总，输入参数数：4，输出参数数：4
2026-03-07 08:33:40,265 - INFO - 正在解析：https://tushare.pro/document/2?doc_id=208
2026-03-07 08:33:40,337 - INFO - 正在解析：https://tushare.pro/document/2?doc_id=110
2026-03-07 08:33:40,391 - INFO - 正在解析：https://tushare.pro/document/2?doc_id=293
2026-03-07 08:33:40,441 - INFO - 成功解析接口：fund_manager，标题：基金经理，输入参数数：5，输出参数数：5
2026-03-07 08:33:40,516 - INFO - 成功解析接口：pledge_stat，标题：股权质押统计数据，输入参数数：2，输出参数数：2
2026-03-07 08:33:40,571 - INFO - 成功解析接口：cyq_perf，标题：每日筹码及胜率，输入参数数：4，输出参数数：4
2026-03-07 08:33:40,738 - INFO - 正在解析：https://tushare.pro/document/2?doc_id=340
2026-03-07 08:33:40,919 - INFO - 成功解析接口：rt_fut_min，标题：期货实时分钟行情，输入参数数：2，输出参数数：2
2026-03-07 08:33:41,020 - INFO - 正在解析：https://tushare.pro/document/2?doc_id=376
2026-03-07 08:33:41,120 - INFO - 正在解析：https://tushare.pro/document/2?doc_id=187
2026-03-07 08:33:41,205 - INFO - 成功解析接口：tdx_index，标题：通达信板块信息，输入参数数：3，输出参数数：3
2026-03-07 08:33:41,309 - INFO - 成功解析接口：cb_daily，标题：可转债行情，输入参数数：4，输出参数数：4
2026-03-07 08:33:41,325 - INFO - 正在解析：https://tushare.pro/document/2?doc_id=298
2026-03-07 08:33:41,465 - INFO - 正在解析：https://tushare.pro/document/2?doc_id=120
2026-03-07 08:33:41,470 - INFO - 正在解析：https://tushare.pro/document/2?doc_id=362
2026-03-07 08:33:41,511 - INFO - 成功解析接口：limit_list_d，标题：涨跌停列表（新），输入参数数：6，输出参数数：6
2026-03-07 08:33:41,660 - INFO - 成功解析接口：fund_div，标题：公募基金分红，输入参数数：4，输出参数数：4
2026-03-07 08:33:41,700 - INFO - 成功解析接口：dc_index，标题：东方财富概念板块，输入参数数：6，输出参数数：6
2026-03-07 08:33:41,936 - INFO - 正在解析：https://tushare.pro/document/2?doc_id=221
2026-03-07 08:33:41,954 - INFO - 正在解析：https://tushare.pro/document/2?doc_id=194
2026-03-07 08:33:42,114 - INFO - 成功解析接口：us_tbr，标题：短期国债利率，输入参数数：4，输出参数数：4
2026-03-07 08:33:42,137 - INFO - 成功解析接口：stk_rewards，标题：管理层薪酬和持股，输入参数数：2，输出参数数：2
2026-03-07 08:33:42,391 - INFO - 正在解析：https://tushare.pro/document/2?doc_id=62
2026-03-07 08:33:42,456 - INFO - 正在解析：https://tushare.pro/document/2?doc_id=259
2026-03-07 08:33:42,573 - INFO - 正在解析：https://tushare.pro/document/2?doc_id=284
2026-03-07 08:33:42,592 - INFO - 成功解析接口：top10_floatholders，标题：前十大流通股东，输入参数数：5，输出参数数：5
2026-03-07 08:33:42,670 - INFO - 成功解析接口：ths_index，标题：同花顺概念和行业指数，输入参数数：3，输出参数数：3
2026-03-07 08:33:42,769 - INFO - 成功解析接口：sge_basic，标题：黄金现货基础信息，输入参数数：1，输出参数数：1
2026-03-07 08:33:43,088 - INFO - 正在解析：https://tushare.pro/document/2?doc_id=19
2026-03-07 08:33:43,123 - INFO - 正在解析：https://tushare.pro/document/2?doc_id=209
2026-03-07 08:33:43,313 - INFO - 正在解析：https://tushare.pro/document/2?doc_id=260
2026-03-07 08:33:43,375 - WARNING - 无法从 https://tushare.pro/document/2?doc_id=209 提取接口名称，标记为失败。
2026-03-07 08:33:43,411 - INFO - 成功解析接口：fund_basic，标题：公募基金列表，输入参数数：3，输出参数数：3
2026-03-07 08:33:43,411 - INFO - 正在解析：https://tushare.pro/document/2?doc_id=285
2026-03-07 08:33:43,491 - INFO - 成功解析接口：ths_daily，标题：同花顺板块指数行情，输入参数数：4，输出参数数：4
2026-03-07 08:33:43,532 - INFO - 正在解析：https://tushare.pro/document/2?doc_id=96
2026-03-07 08:33:43,597 - INFO - 成功解析接口：sge_daily，标题：现货黄金日行情，输入参数数：4，输出参数数：4
2026-03-07 08:33:43,704 - INFO - 成功解析接口：index_weight，标题：指数成分和权重，输入参数数：4，输出参数数：4
2026-03-07 08:33:43,929 - INFO - 正在解析：https://tushare.pro/document/2?doc_id=48
2026-03-07 08:33:44,112 - INFO - 成功解析接口：hsgt_top10，标题：沪深股通十大成交股，输入参数数：5，输出参数数：5
2026-03-07 08:33:44,210 - INFO - 正在解析：https://tushare.pro/document/2?doc_id=246
2026-03-07 08:33:44,381 - INFO - 正在解析：https://tushare.pro/document/2?doc_id=364
2026-03-07 08:33:44,383 - INFO - 成功解析接口：cb_price_chg，标题：可转债转股价变动，输入参数数：1，输出参数数：1
2026-03-07 08:33:44,390 - INFO - 正在解析：https://tushare.pro/document/2?doc_id=228
2026-03-07 08:33:44,505 - INFO - 正在解析：https://tushare.pro/document/2?doc_id=146
2026-03-07 08:33:44,571 - INFO - 成功解析接口：stk_nineturn，标题：神奇九转指标，输入参数数：5，输出参数数：5
2026-03-07 08:33:44,600 - INFO - 成功解析接口：cn_cpi，标题：居民消费价格指数，输入参数数：3，输出参数数：3
2026-03-07 08:33:44,673 - INFO - 正在解析：https://tushare.pro/document/2?doc_id=262
2026-03-07 08:33:44,724 - INFO - 成功解析接口：pro_bar，标题：A股复权行情，输入参数数：0，输出参数数：0
2026-03-07 08:33:44,890 - INFO - 成功解析接口：bak_basic，标题：股票历史列表（历史每天股票列表），输入参数数：2，输出参数数：2
2026-03-07 08:33:44,957 - INFO - 正在解析：https://tushare.pro/document/2?doc_id=87
2026-03-07 08:33:45,218 - INFO - 成功解析接口：tmt_twincomedetail，标题：台湾电子产业月营收明细，输入参数数：6，输出参数数：6
2026-03-07 08:33:45,337 - INFO - 正在解析：https://tushare.pro/document/2?doc_id=220
2026-03-07 08:33:45,455 - INFO - 正在解析：https://tushare.pro/document/2?doc_id=223
2026-03-07 08:33:45,502 - INFO - 成功解析接口：us_trycr，标题：国债实际收益率曲线利率，输入参数数：4，输出参数数：4
2026-03-07 08:33:45,585 - INFO - 正在解析：https://tushare.pro/document/2?doc_id=18
2026-03-07 08:33:45,629 - INFO - 成功解析接口：us_trltr，标题：国债实际长期利率平均值，输入参数数：4，输出参数数：4
2026-03-07 08:33:45,639 - INFO - 正在解析：https://tushare.pro/document/2?doc_id=174
2026-03-07 08:33:45,760 - WARNING - 无法从 https://tushare.pro/document/2?doc_id=18 提取接口名称，标记为失败。
2026-03-07 08:33:45,832 - INFO - 成功解析接口：gz_index，标题：广州民间借贷利率，输入参数数：3，输出参数数：3
2026-03-07 08:33:46,020 - INFO - 正在解析：https://tushare.pro/document/2?doc_id=378
2026-03-07 08:33:46,219 - INFO - 成功解析接口：tdx_daily，标题：通达信板块行情，输入参数数：4，输出参数数：4
2026-03-07 08:33:46,285 - INFO - 正在解析：https://tushare.pro/document/2?doc_id=313
2026-03-07 08:33:46,456 - INFO - 成功解析接口：ft_mins，标题：期货历史分钟行情，输入参数数：4，输出参数数：4
2026-03-07 08:33:46,467 - INFO - 正在解析：https://tushare.pro/document/2?doc_id=308
2026-03-07 08:33:46,495 - INFO - 正在解析：https://tushare.pro/document/2?doc_id=305
2026-03-07 08:33:46,656 - INFO - 成功解析接口：ci_daily，标题：中信行业指数行情，输入参数数：4，输出参数数：4
2026-03-07 08:33:46,689 - INFO - 成功解析接口：cb_rate，标题：可转债票面利率，输入参数数：1，输出参数数：1
2026-03-07 08:33:46,742 - INFO - 正在解析：https://tushare.pro/document/2?doc_id=134
2026-03-07 08:33:46,769 - INFO - 正在解析：https://tushare.pro/document/2?doc_id=233
2026-03-07 08:33:46,923 - WARNING - 无法从 https://tushare.pro/document/2?doc_id=134 提取接口名称，标记为失败。
2026-03-07 08:33:46,943 - INFO - 成功解析接口：eco_cal，标题：财经日历，输入参数数：6，输出参数数：6
2026-03-07 08:33:47,371 - INFO - 正在解析：https://tushare.pro/document/2?doc_id=215
2026-03-07 08:33:47,391 - INFO - 正在解析：https://tushare.pro/document/2?doc_id=420
2026-03-07 08:33:47,460 - INFO - 正在解析：https://tushare.pro/document/2?doc_id=341
2026-03-07 08:33:47,539 - INFO - 成功解析接口：daily_info，标题：市场交易统计，输入参数数：6，输出参数数：6
2026-03-07 08:33:47,587 - INFO - 正在解析：https://tushare.pro/document/2?doc_id=139
2026-03-07 08:33:47,591 - INFO - 成功解析接口：rt_idx_min，标题：A股实时分钟，输入参数数：2，输出参数数：2
2026-03-07 08:33:47,648 - INFO - 成功解析接口：opt_mins，标题：期权历史分钟行情，输入参数数：4，输出参数数：4
2026-03-07 08:33:47,676 - INFO - 正在解析：https://tushare.pro/document/2?doc_id=423
2026-03-07 08:33:47,783 - INFO - 成功解析接口：fut_holding，标题：每日成交持仓排名，输入参数数：5，输出参数数：5
2026-03-07 08:33:47,873 - INFO - 成功解析接口：st，标题：接口介绍，输入参数数：3，输出参数数：3
2026-03-07 08:33:48,209 - INFO - 正在解析：https://tushare.pro/document/2?doc_id=94
2026-03-07 08:33:48,279 - INFO - 正在解析：https://tushare.pro/document/2?doc_id=175
2026-03-07 08:33:48,395 - INFO - 成功解析接口：index_basic，标题：指数基本信息，输入参数数：5，输出参数数：5
2026-03-07 08:33:48,490 - INFO - 成功解析接口：stk_holdertrade，标题：股东增减持，输入参数数：6，输出参数数：6
2026-03-07 08:33:48,506 - INFO - 正在解析：https://tushare.pro/document/2?doc_id=165
2026-03-07 08:33:48,633 - INFO - 正在解析：https://tushare.pro/document/2?doc_id=173
2026-03-07 08:33:48,691 - INFO - 成功解析接口：stk_account_old，标题：股票账户开户数据（旧），输入参数数：2，输出参数数：2
2026-03-07 08:33:48,723 - INFO - 正在解析：https://tushare.pro/document/2?doc_id=266
2026-03-07 08:33:48,797 - INFO - 成功解析接口：wz_index，标题：温州民间借贷利率，输入参数数：3，输出参数数：3
2026-03-07 08:33:48,903 - INFO - 成功解析接口：fund_sales_vol，标题：销售机构公募基金销售保有规模，输入参数数：3，输出参数数：3
2026-03-07 08:33:49,129 - INFO - 正在解析：https://tushare.pro/document/2?doc_id=363
2026-03-07 08:33:49,299 - INFO - 正在解析：https://tushare.pro/document/2?doc_id=395
2026-03-07 08:33:49,306 - INFO - 成功解析接口：dc_member，标题：东方财富板块成分，输入参数数：3，输出参数数：3
2026-03-07 08:33:49,435 - INFO - 正在解析：https://tushare.pro/document/2?doc_id=322
2026-03-07 08:33:49,491 - INFO - 成功解析接口：us_balancesheet，标题：美股资产负债表，输入参数数：6，输出参数数：6
2026-03-07 08:33:49,602 - INFO - 成功解析接口：bc_otcqt，标题：柜台流通式债券报价，输入参数数：5，输出参数数：5
2026-03-07 08:33:49,657 - INFO - 正在解析：https://tushare.pro/document/2?doc_id=291
2026-03-07 08:33:49,659 - INFO - 正在解析：https://tushare.pro/document/2?doc_id=295
2026-03-07 08:33:49,829 - WARNING - 无法从 https://tushare.pro/document/2?doc_id=291 提取接口名称，标记为失败。
2026-03-07 08:33:49,865 - INFO - 成功解析接口：ccass_hold，标题：中央结算系统持股汇总，输入参数数：5，输出参数数：5
2026-03-07 08:33:49,874 - INFO - 正在解析：https://tushare.pro/document/2?doc_id=217
2026-03-07 08:33:50,059 - WARNING - 无法从 https://tushare.pro/document/2?doc_id=217 提取接口名称，标记为失败。
2026-03-07 08:33:50,404 - INFO - 正在解析：https://tushare.pro/document/2?doc_id=353
2026-03-07 08:33:50,485 - INFO - 正在解析：https://tushare.pro/document/2?doc_id=103
2026-03-07 08:33:50,505 - INFO - 正在解析：https://tushare.pro/document/2?doc_id=382
2026-03-07 08:33:50,594 - INFO - 成功解析接口：stk_auction_o，标题：股票开盘集合竞价数据，输入参数数：4，输出参数数：4
2026-03-07 08:33:50,669 - INFO - 成功解析接口：dividend，标题：分红送股，输入参数数：5，输出参数数：5
2026-03-07 08:33:50,709 - INFO - 成功解析接口：dc_daily，标题：东财概念板块行情，输入参数数：5，输出参数数：5
2026-03-07 08:33:50,712 - INFO - 正在解析：https://tushare.pro/document/2?doc_id=324
2026-03-07 08:33:50,834 - INFO - 正在解析：https://tushare.pro/document/2?doc_id=14
2026-03-07 08:33:50,879 - WARNING - 无法从 https://tushare.pro/document/2?doc_id=324 提取接口名称，标记为失败。
2026-03-07 08:33:51,011 - WARNING - 无法从 https://tushare.pro/document/2?doc_id=14 提取接口名称，标记为失败。
2026-03-07 08:33:51,425 - INFO - 正在解析：https://tushare.pro/document/2?doc_id=339
2026-03-07 08:33:51,436 - INFO - 正在解析：https://tushare.pro/document/2?doc_id=253
2026-03-07 08:33:51,536 - INFO - 正在解析：https://tushare.pro/document/2?doc_id=272
2026-03-07 08:33:51,559 - INFO - 正在解析：https://tushare.pro/document/2?doc_id=144
2026-03-07 08:33:51,601 - INFO - 成功解析接口：us_tradecal，标题：美股交易日历，输入参数数：3，输出参数数：3
2026-03-07 08:33:51,637 - INFO - 成功解析接口：hk_daily_adj，标题：港股复权行情，输入参数数：4，输出参数数：4
2026-03-07 08:33:51,717 - INFO - 成功解析接口：bond_blk_detail，标题：大宗交易明细，输入参数数：4，输出参数数：4
2026-03-07 08:33:51,745 - INFO - 成功解析接口：weekly，标题：周线行情，输入参数数：4，输出参数数：4
2026-03-07 08:33:51,746 - INFO - 正在解析：https://tushare.pro/document/2?doc_id=269
2026-03-07 08:33:51,934 - INFO - 成功解析接口：cb_call，标题：可转债赎回信息，输入参数数：4，输出参数数：4
2026-03-07 08:33:52,320 - INFO - 正在解析：https://tushare.pro/document/2?doc_id=255
2026-03-07 08:33:52,339 - INFO - 正在解析：https://tushare.pro/document/2?doc_id=149
2026-03-07 08:33:52,445 - INFO - 正在解析：https://tushare.pro/document/2?doc_id=394
2026-03-07 08:33:52,501 - INFO - 成功解析接口：bak_daily，标题：备用行情，输入参数数：6，输出参数数：6
2026-03-07 08:33:52,527 - INFO - 成功解析接口：shibor，标题：Shibor利率数据，输入参数数：3，输出参数数：3
2026-03-07 08:33:52,587 - INFO - 正在解析：https://tushare.pro/document/2?doc_id=58
2026-03-07 08:33:52,653 - INFO - 成功解析接口：us_income，标题：美股利润表，输入参数数：6，输出参数数：6
2026-03-07 08:33:52,677 - INFO - 正在解析：https://tushare.pro/document/2?doc_id=191
2026-03-07 08:33:52,757 - INFO - 成功解析接口：margin，标题：融资融券交易汇总，输入参数数：4，输出参数数：4
2026-03-07 08:33:52,842 - INFO - 成功解析接口：hk_basic，标题：港股列表，输入参数数：2，输出参数数：2
2026-03-07 08:33:53,061 - INFO - 正在解析：https://tushare.pro/document/2?doc_id=240
2026-03-07 08:33:53,219 - WARNING - 无法从 https://tushare.pro/document/2?doc_id=240 提取接口名称，标记为失败。
2026-03-07 08:33:53,260 - INFO - 正在解析：https://tushare.pro/document/2?doc_id=116
2026-03-07 08:33:53,289 - INFO - 正在解析：https://tushare.pro/document/2?doc_id=402
2026-03-07 08:33:53,343 - INFO - 正在解析：https://tushare.pro/document/2?doc_id=161
2026-03-07 08:33:53,438 - INFO - 成功解析接口：bo_cinema，标题：影院每日票房，输入参数数：1，输出参数数：1
2026-03-07 08:33:53,470 - INFO - 正在解析：https://tushare.pro/document/2?doc_id=265
2026-03-07 08:33:53,479 - INFO - 成功解析接口：us_adjfactor，标题：美股复权因子，输入参数数：4，输出参数数：4
2026-03-07 08:33:53,555 - INFO - 成功解析接口：block_trade，标题：大宗交易，输入参数数：4，输出参数数：4
2026-03-07 08:33:53,641 - INFO - 成功解析接口：fund_sales_ratio，标题：各渠道公募基金销售保有规模占比，输入参数数：1，输出参数数：1
2026-03-07 08:33:54,020 - INFO - 正在解析：https://tushare.pro/document/2?doc_id=218
2026-03-07 08:33:54,200 - WARNING - 无法从 https://tushare.pro/document/2?doc_id=218 提取接口名称，标记为失败。
2026-03-07 08:33:54,238 - INFO - 正在解析：https://tushare.pro/document/2?doc_id=151
2026-03-07 08:33:54,339 - INFO - 正在解析：https://tushare.pro/document/2?doc_id=373
2026-03-07 08:33:54,381 - INFO - 正在解析：https://tushare.pro/document/2?doc_id=337
2026-03-07 08:33:54,416 - INFO - 成功解析接口：shibor_lpr，标题：LPR贷款基础利率，输入参数数：3，输出参数数：3
2026-03-07 08:33:54,528 - INFO - 成功解析接口：ci_index_member，标题：中信行业成分，输入参数数：5，输出参数数：5
2026-03-07 08:33:54,528 - INFO - 正在解析：https://tushare.pro/document/2?doc_id=367
2026-03-07 08:33:54,552 - INFO - 成功解析接口：fut_weekly_monthly，标题：期货周/月线行情(每日更新)，输入参数数：6，输出参数数：6
2026-03-07 08:33:54,709 - INFO - 成功解析接口：irm_qa_sz，标题：深证互动易，输入参数数：6，输出参数数：6
2026-03-07 08:33:54,899 - INFO - 正在解析：https://tushare.pro/document/2?doc_id=332
2026-03-07 08:33:55,085 - INFO - 成功解析接口：slb_sec，标题：转融券交易汇总，输入参数数：4，输出参数数：4
2026-03-07 08:33:55,094 - INFO - 正在解析：https://tushare.pro/document/2?doc_id=184
2026-03-07 08:33:55,113 - INFO - 正在解析：https://tushare.pro/document/2?doc_id=17
2026-03-07 08:33:55,128 - INFO - 正在解析：https://tushare.pro/document/2?doc_id=385
2026-03-07 08:33:55,289 - WARNING - 无法从 https://tushare.pro/document/2?doc_id=17 提取接口名称，标记为失败。
2026-03-07 08:33:55,336 - WARNING - 无法从 https://tushare.pro/document/2?doc_id=184 提取接口名称，标记为失败。
2026-03-07 08:33:55,372 - INFO - 成功解析接口：etf_basic，标题：ETF基础信息，输入参数数：6，输出参数数：6
2026-03-07 08:33:55,391 - INFO - 正在解析：https://tushare.pro/document/2?doc_id=283
2026-03-07 08:33:55,565 - WARNING - 无法从 https://tushare.pro/document/2?doc_id=283 提取接口名称，标记为失败。
2026-03-07 08:33:55,863 - INFO - 正在解析：https://tushare.pro/document/2?doc_id=81
2026-03-07 08:33:55,953 - INFO - 正在解析：https://tushare.pro/document/2?doc_id=242
2026-03-07 08:33:56,019 - INFO - 正在解析：https://tushare.pro/document/2?doc_id=393
2026-03-07 08:33:56,065 - INFO - 成功解析接口：fina_mainbz，标题：主营业务构成，输入参数数：5，输出参数数：5
2026-03-07 08:33:56,134 - INFO - 成功解析接口：cn_m，标题：货币供应量，输入参数数：4，输出参数数：4
2026-03-07 08:33:56,258 - INFO - 成功解析接口：us_fina_indicator，标题：美股财务指标数据，输入参数数：5，输出参数数：5
2026-03-07 08:33:56,258 - INFO - 正在解析：https://tushare.pro/document/2?doc_id=264
2026-03-07 08:33:56,292 - INFO - 正在解析：https://tushare.pro/document/2?doc_id=315
2026-03-07 08:33:56,437 - WARNING - 无法从 https://tushare.pro/document/2?doc_id=264 提取接口名称，标记为失败。
2026-03-07 08:33:56,460 - INFO - 成功解析接口：realtime_quote，标题：实时盘口TICK快照(爬虫版)，输入参数数：2，输出参数数：2
2026-03-07 08:33:56,836 - INFO - 正在解析：https://tushare.pro/document/2?doc_id=417
2026-03-07 08:33:57,015 - INFO - 成功解析接口：rt_sw_k，标题：接口介绍，输入参数数：1，输出参数数：1
2026-03-07 08:33:57,069 - INFO - 正在解析：https://tushare.pro/document/2?doc_id=256
2026-03-07 08:33:57,154 - INFO - 正在解析：https://tushare.pro/document/2?doc_id=244
2026-03-07 08:33:57,220 - INFO - 正在解析：https://tushare.pro/document/2?doc_id=186
2026-03-07 08:33:57,240 - INFO - 成功解析接口：repo_daily，标题：债券回购日行情，输入参数数：4，输出参数数：4
2026-03-07 08:33:57,344 - INFO - 正在解析：https://tushare.pro/document/2?doc_id=47
2026-03-07 08:33:57,360 - WARNING - 无法从 https://tushare.pro/document/2?doc_id=244 提取接口名称，标记为失败。
2026-03-07 08:33:57,416 - INFO - 成功解析接口：cb_issue，标题：可转债发行，输入参数数：4，输出参数数：4
2026-03-07 08:33:57,530 - INFO - 成功解析接口：moneyflow_hsgt，标题：沪深港通资金流向，输入参数数：3，输出参数数：3
2026-03-07 08:33:57,584 - INFO - 正在解析：https://tushare.pro/document/2?doc_id=329
2026-03-07 08:33:57,796 - INFO - 成功解析接口：stk_premarket，标题：股本情况（盘前），输入参数数：4，输出参数数：4
2026-03-07 08:33:58,099 - INFO - 正在解析：https://tushare.pro/document/2?doc_id=387
2026-03-07 08:33:58,155 - INFO - 正在解析：https://tushare.pro/document/2?doc_id=323
2026-03-07 08:33:58,281 - INFO - 成功解析接口：stk_mins，标题：ETF历史分钟行情，输入参数数：4，输出参数数：4
2026-03-07 08:33:58,309 - INFO - 正在解析：https://tushare.pro/document/2?doc_id=312
2026-03-07 08:33:58,333 - INFO - 成功解析接口：bc_bestotcqt，标题：柜台流通式债券最优报价，输入参数数：4，输出参数数：4
2026-03-07 08:33:58,384 - INFO - 正在解析：https://tushare.pro/document/2?doc_id=416
2026-03-07 08:33:58,510 - INFO - 成功解析接口：hm_detail，标题：游资每日明细，输入参数数：5，输出参数数：5
2026-03-07 08:33:58,576 - INFO - 成功解析接口：rt_min，标题：ETF实时分钟，输入参数数：2，输出参数数：2
2026-03-07 08:33:58,723 - INFO - 正在解析：https://tushare.pro/document/2?doc_id=327
2026-03-07 08:33:58,841 - INFO - 正在解析：https://tushare.pro/document/2?doc_id=25
2026-03-07 08:33:58,897 - INFO - 成功解析接口：sw_daily，标题：申万行业日线行情，输入参数数：4，输出参数数：4
2026-03-07 08:33:58,939 - INFO - 正在解析：https://tushare.pro/document/2?doc_id=347
2026-03-07 08:33:59,028 - INFO - 成功解析接口：stock_basic，标题：基础信息，输入参数数：6，输出参数数：6
2026-03-07 08:33:59,117 - INFO - 成功解析接口：kpl_list，标题：开盘啦榜单数据，输入参数数：5，输出参数数：5
2026-03-07 08:33:59,360 - INFO - 正在解析：https://tushare.pro/document/2?doc_id=88
2026-03-07 08:33:59,538 - INFO - 成功解析接口：tmt_twincome，标题：台湾电子产业月营收，输入参数数：4，输出参数数：4
2026-03-07 08:33:59,540 - INFO - ==================================================
2026-03-07 08:33:59,540 - INFO - 爬取完成，统计信息：
2026-03-07 08:33:59,540 - INFO - 总页面数：272
2026-03-07 08:33:59,540 - INFO - 成功解析：231
2026-03-07 08:33:59,540 - INFO - 跳过页面：1
2026-03-07 08:33:59,541 - INFO - 失败页面：40
2026-03-07 08:33:59,541 - INFO - ==================================================
2026-03-07 08:33:59,541 - INFO - 开始生成Excel文件...
2026-03-07 08:34:01,893 - INFO - Excel文件已成功保存到：C:\01_My_documents\01_pythonLearn\我的PNP_MCSD大项目\Tab01_数据设置\Tab0101_TuShareAPI接口参数\tuShare接口输入输出参数清单Ae9.xlsx
